<?xml version="1.0" encoding="UTF-8"?>
<testsuite name="com.shopezone.userservice.UserserviceApplicationTests" tests="1" skipped="0" failures="0" errors="0" timestamp="2025-02-25T16:29:43" hostname="TR-FCVXJHN9YQ" time="0.362">
  <properties/>
  <testcase name="contextLoads()" classname="com.shopezone.userservice.UserserviceApplicationTests" time="0.362"/>
  <system-out><![CDATA[10:29:42.541 [Test worker] INFO org.springframework.test.context.support.AnnotationConfigContextLoaderUtils -- Could not detect default configuration classes for test class [com.shopezone.userservice.UserserviceApplicationTests]: UserserviceApplicationTests does not declare any static, non-private, non-final, nested classes annotated with @Configuration.
10:29:42.573 [Test worker] INFO org.springframework.boot.test.context.SpringBootTestContextBootstrapper -- Found @SpringBootConfiguration com.shopezone.userservice.UserserviceApplication for test class com.shopezone.userservice.UserserviceApplicationTests

  .   ____          _            __ _ _
 /\\ / ___'_ __ _ _(_)_ __  __ _ \ \ \ \
( ( )\___ | '_ | '_| | '_ \/ _` | \ \ \ \
 \\/  ___)| |_)| | | | | || (_| |  ) ) ) )
  '  |____| .__|_| |_|_| |_\__, | / / / /
 =========|_|==============|___/=/_/_/_/

 :: Spring Boot ::                (v3.4.3)

2025-02-25T10:29:42.695-06:00  INFO 40688 --- [userservice] [    Test worker] c.s.u.UserserviceApplicationTests        : Starting UserserviceApplicationTests using Java 21.0.4 with PID 40688 (started by u6114724 in /Users/u6114724/gib/microservices/Shop-e-zone-UserService)
2025-02-25T10:29:42.696-06:00  INFO 40688 --- [userservice] [    Test worker] c.s.u.UserserviceApplicationTests        : No active profile set, falling back to 1 default profile: "default"
2025-02-25T10:29:43.174-06:00  INFO 40688 --- [userservice] [    Test worker] c.s.u.UserserviceApplicationTests        : Started UserserviceApplicationTests in 0.549 seconds (process running for 0.926)
]]></system-out>
  <system-err><![CDATA[Mockito is currently self-attaching to enable the inline-mock-maker. This will no longer work in future releases of the JDK. Please add Mockito as an agent to your build what is described in Mockito's documentation: https://javadoc.io/doc/org.mockito/mockito-core/latest/org/mockito/Mockito.html#0.3
WARNING: A Java agent has been loaded dynamically (/Users/u6114724/.gradle/caches/modules-2/files-2.1/net.bytebuddy/byte-buddy-agent/1.15.11/a38b16385e867f59a641330f0362ebe742788ed8/byte-buddy-agent-1.15.11.jar)
WARNING: If a serviceability tool is in use, please run with -XX:+EnableDynamicAgentLoading to hide this warning
WARNING: If a serviceability tool is not in use, please run with -Djdk.instrument.traceUsage for more information
WARNING: Dynamic loading of agents will be disallowed by default in a future release
]]></system-err>
</testsuite>
